SF:lib/core/common/coordinates.dart
DA:7,5
DA:9,1
DA:10,3
LF:3
LH:3
end_of_record
SF:lib/data/coordinate_list.dart
DA:3,12
DA:4,4
DA:5,4
DA:6,4
DA:7,4
DA:8,4
DA:9,4
DA:10,4
DA:11,4
DA:12,4
DA:13,4
LF:11
LH:11
end_of_record
SF:lib/core/common/error/error_popup_view_model.dart
DA:9,5
DA:15,3
DA:16,3
DA:17,3
DA:18,3
DA:19,3
DA:22,5
DA:23,5
DA:29,2
DA:30,2
LF:10
LH:10
end_of_record
SF:lib/core/common/loading_indicator_view_model.dart
DA:6,4
DA:7,8
DA:9,20
DA:11,13
DA:13,13
DA:15,8
LF:6
LH:6
end_of_record
SF:lib/presentation/viewModel/restaurants_list_view_model.dart
DA:7,5
DA:9,2
DA:10,4
DA:12,15
DA:14,1
DA:15,1
DA:16,0
LF:7
LH:6
end_of_record
SF:lib/domain/entity/restaurant_info.dart
DA:10,5
DA:13,2
DA:14,12
DA:16,2
DA:17,2
DA:18,2
DA:19,2
DA:20,2
DA:21,2
LF:9
LH:9
end_of_record
SF:lib/data/model/restaurants_by_location.dart
DA:7,0
DA:11,1
DA:12,2
DA:14,4
DA:17,4
DA:18,8
DA:19,12
DA:20,12
DA:31,0
DA:33,1
DA:34,4
DA:36,4
DA:37,8
DA:38,8
DA:39,4
DA:40,8
DA:42,16
DA:43,4
DA:46,12
DA:56,0
DA:61,1
DA:62,3
DA:64,4
DA:65,16
DA:66,16
DA:73,0
DA:77,1
DA:78,2
DA:80,4
DA:81,8
DA:90,0
DA:96,1
DA:97,4
DA:99,4
DA:100,8
DA:101,8
DA:102,8
LF:37
LH:32
end_of_record
SF:lib/core/common/error/network_exceptions.dart
DA:46,1
DA:47,1
DA:50,1
DA:51,1
DA:52,1
DA:55,1
DA:58,0
DA:62,0
DA:65,0
DA:66,0
DA:67,0
DA:68,0
DA:69,0
DA:70,0
DA:72,0
DA:74,0
DA:75,0
DA:77,0
DA:80,0
DA:83,0
DA:84,0
DA:86,0
DA:88,0
DA:90,0
DA:95,0
DA:96,0
DA:97,0
DA:101,0
DA:105,0
DA:111,0
DA:117,2
DA:125,1
DA:127,1
DA:129,0
DA:131,0
DA:133,0
DA:135,0
DA:137,0
DA:139,0
DA:141,0
DA:143,0
DA:145,1
DA:147,0
DA:149,0
DA:151,0
DA:153,0
DA:155,0
DA:157,0
DA:159,0
LF:49
LH:10
end_of_record
SF:lib/domain/repository/api_repository.dart
DA:19,1
DA:20,1
DA:23,4
DA:24,2
DA:25,1
DA:27,0
DA:28,0
DA:29,0
DA:30,0
DA:32,0
DA:33,0
LF:11
LH:5
end_of_record
SF:lib/core/common/base_state.dart
DA:10,4
DA:17,2
DA:18,2
DA:23,2
DA:24,2
LF:5
LH:5
end_of_record
SF:lib/core/common/error/custom_alert_dialog.dart
DA:11,2
DA:19,2
DA:20,2
DA:22,2
DA:24,2
DA:25,2
DA:26,2
DA:27,2
DA:28,2
DA:33,2
DA:34,2
DA:35,2
DA:40,2
DA:41,2
DA:42,4
DA:43,2
DA:44,2
DA:45,2
DA:46,2
DA:49,1
DA:50,2
LF:21
LH:21
end_of_record
SF:lib/core/common/loader_animation.dart
DA:7,12
DA:9,1
DA:10,1
DA:18,1
DA:19,1
DA:20,1
DA:25,1
DA:26,2
DA:27,3
DA:28,2
DA:29,4
DA:32,1
DA:33,2
DA:34,4
DA:41,1
DA:43,1
DA:44,1
DA:45,3
DA:48,1
DA:50,2
DA:51,2
DA:52,1
DA:55,1
DA:57,1
DA:58,1
DA:59,1
DA:60,1
DA:61,5
DA:62,1
DA:65,1
DA:66,1
DA:71,1
DA:72,1
DA:73,5
DA:74,5
DA:81,1
DA:82,1
DA:83,6
DA:84,6
DA:91,1
DA:92,1
DA:93,6
DA:94,6
DA:96,1
DA:98,1
DA:101,1
DA:102,1
DA:103,6
DA:104,6
DA:111,1
DA:112,1
DA:113,6
DA:114,6
DA:121,1
DA:122,1
DA:123,6
DA:124,6
DA:131,1
DA:132,1
DA:133,6
DA:134,6
DA:141,1
DA:142,1
DA:143,6
DA:144,6
DA:163,8
DA:165,1
DA:167,1
DA:168,1
DA:169,1
DA:170,1
DA:171,1
DA:172,1
LF:73
LH:73
end_of_record
SF:lib/core/common/utils.dart
DA:7,1
DA:9,1
DA:11,1
DA:12,1
DA:13,1
DA:14,1
DA:15,1
DA:16,0
DA:17,0
DA:22,1
LF:10
LH:8
end_of_record
SF:lib/presentation/bloc/location_list_bloc.dart
DA:17,3
DA:18,6
DA:24,2
DA:25,4
DA:27,6
DA:28,6
DA:29,2
DA:31,0
DA:33,0
DA:35,6
DA:36,6
DA:37,6
DA:38,4
DA:39,6
DA:40,8
DA:41,4
DA:42,10
DA:43,6
DA:44,4
DA:45,4
DA:46,4
DA:47,4
DA:48,8
DA:52,6
DA:54,4
DA:55,2
DA:56,4
DA:57,6
DA:60,6
DA:65,3
DA:67,5
DA:68,3
DA:71,2
DA:72,6
DA:73,4
DA:74,2
DA:75,5
DA:76,2
DA:77,1
DA:78,2
DA:79,2
DA:81,6
DA:83,4
DA:86,2
DA:87,6
DA:88,4
DA:89,2
DA:90,5
DA:91,2
DA:92,1
DA:93,2
DA:94,2
DA:96,6
DA:98,4
LF:54
LH:52
end_of_record
SF:lib/presentation/bloc/location_list_state.dart
DA:10,4
DA:13,4
DA:14,16
DA:16,4
DA:17,4
DA:19,4
DA:20,4
DA:22,4
DA:28,4
DA:29,3
DA:30,4
DA:31,4
LF:12
LH:12
end_of_record
SF:lib/presentation/view/home.dart
DA:9,1
DA:11,1
DA:13,1
DA:14,2
DA:15,1
DA:16,6
DA:17,1
DA:18,2
DA:20,1
DA:21,3
DA:22,3
DA:23,1
DA:24,3
DA:25,1
DA:27,1
DA:28,1
DA:32,2
DA:33,1
DA:35,2
DA:36,1
DA:37,1
DA:38,1
DA:39,2
DA:43,1
DA:44,1
DA:45,2
LF:26
LH:26
end_of_record
SF:lib/presentation/widgets/restaurant_tile.dart
DA:9,2
DA:11,2
DA:13,2
DA:14,2
DA:16,6
DA:17,2
DA:18,2
DA:19,2
DA:20,4
DA:23,2
DA:28,2
DA:36,6
DA:37,2
DA:38,4
DA:42,2
DA:43,1
DA:44,2
DA:45,4
DA:47,4
DA:50,4
LF:20
LH:20
end_of_record
