SF:lib/core/common/coordinates.dart
DA:7,5
DA:9,1
DA:10,3
LF:3
LH:3
end_of_record
SF:lib/core/common/loading_indicator_view_model.dart
DA:6,4
DA:7,8
DA:9,35
DA:11,23
DA:13,23
DA:15,13
LF:6
LH:6
end_of_record
SF:lib/core/common/error/network_exceptions.dart
DA:48,1
DA:49,1
DA:52,1
DA:53,1
DA:54,1
DA:57,1
DA:60,0
DA:64,0
DA:67,0
DA:68,0
DA:69,0
DA:70,0
DA:71,0
DA:72,0
DA:74,0
DA:76,0
DA:77,0
DA:79,0
DA:82,0
DA:85,0
DA:86,0
DA:88,0
DA:90,0
DA:92,0
DA:97,0
DA:98,0
DA:99,0
DA:103,0
DA:107,0
DA:113,0
DA:119,2
DA:127,1
DA:129,1
DA:131,0
DA:133,0
DA:135,0
DA:137,0
DA:139,0
DA:141,0
DA:143,0
DA:145,0
DA:147,1
DA:149,0
DA:151,0
DA:153,0
DA:155,0
DA:157,0
DA:159,0
DA:161,0
LF:49
LH:10
end_of_record
SF:lib/data/model/restaurants_by_location.dart
DA:7,1
DA:11,1
DA:12,2
DA:14,3
DA:17,3
DA:18,6
DA:19,9
DA:20,9
DA:31,1
DA:33,1
DA:34,4
DA:36,3
DA:37,6
DA:38,6
DA:39,3
DA:40,6
DA:42,12
DA:43,3
DA:46,9
DA:56,1
DA:61,1
DA:62,3
DA:64,3
DA:65,12
DA:66,12
DA:73,1
DA:77,1
DA:78,2
DA:80,3
DA:81,6
DA:90,1
DA:96,1
DA:97,4
DA:99,3
DA:100,6
DA:101,6
DA:102,6
LF:37
LH:37
end_of_record
SF:lib/domain/entity/restaurant_info.dart
DA:10,5
DA:13,2
DA:14,12
DA:16,2
DA:17,2
DA:18,2
DA:19,2
DA:20,2
DA:21,2
LF:9
LH:9
end_of_record
SF:lib/core/common/error/error_popup_view_model.dart
DA:10,5
DA:16,3
DA:17,3
DA:18,3
DA:19,3
DA:20,3
DA:23,5
DA:24,5
DA:30,2
DA:31,2
LF:10
LH:10
end_of_record
SF:lib/core/common/base_state.dart
DA:10,4
DA:17,2
DA:18,2
DA:23,2
DA:24,2
LF:5
LH:5
end_of_record
SF:lib/core/common/error/custom_alert_dialog.dart
DA:11,2
DA:19,2
DA:20,2
DA:22,2
DA:24,2
DA:25,2
DA:26,2
DA:27,2
DA:28,2
DA:33,2
DA:34,2
DA:35,2
DA:40,2
DA:41,2
DA:42,4
DA:43,2
DA:44,2
DA:45,2
DA:46,2
DA:49,1
DA:50,2
LF:21
LH:21
end_of_record
SF:lib/data/coordinate_list.dart
DA:3,12
DA:4,4
DA:5,4
DA:6,4
DA:7,4
DA:8,4
DA:9,4
DA:10,4
DA:11,4
DA:12,4
DA:13,4
LF:11
LH:11
end_of_record
SF:lib/presentation/bloc/location_list_bloc.dart
DA:18,3
DA:19,6
DA:26,2
DA:39,2
DA:40,6
DA:41,8
DA:42,4
DA:43,10
DA:44,6
DA:45,4
DA:46,4
DA:47,4
DA:48,4
DA:49,8
DA:53,6
DA:55,4
DA:56,2
DA:57,4
DA:58,6
DA:61,6
DA:66,3
DA:68,5
DA:69,3
DA:72,2
DA:73,6
DA:74,4
DA:75,2
DA:76,5
DA:77,2
DA:78,1
DA:79,2
DA:80,2
DA:82,6
DA:84,4
DA:87,2
DA:88,6
DA:89,4
DA:90,2
DA:91,5
DA:92,2
DA:93,1
DA:94,2
DA:95,2
DA:97,6
DA:99,4
LF:45
LH:45
end_of_record
SF:lib/presentation/bloc/location_list_state.dart
DA:10,4
DA:13,4
DA:14,16
DA:16,4
DA:17,4
DA:19,4
DA:20,4
DA:22,4
DA:28,4
DA:29,3
DA:30,4
DA:31,4
LF:12
LH:12
end_of_record
SF:lib/presentation/viewModel/restaurants_list_view_model.dart
DA:8,5
DA:10,2
DA:11,4
DA:13,15
DA:15,1
DA:16,1
DA:17,0
LF:7
LH:6
end_of_record
SF:lib/presentation/widgets/restaurant_tile.dart
DA:9,2
DA:11,2
DA:13,2
DA:14,2
DA:16,6
DA:17,2
DA:18,2
DA:19,2
DA:20,4
DA:23,2
DA:28,2
DA:36,6
DA:37,2
DA:38,4
DA:42,2
DA:43,1
DA:44,2
DA:45,4
DA:47,4
DA:50,4
LF:20
LH:20
end_of_record
SF:lib/core/common/loader_animation.dart
DA:7,4
DA:9,1
DA:10,1
DA:18,1
DA:19,1
DA:20,1
DA:25,1
DA:26,2
DA:27,3
DA:28,2
DA:29,4
DA:32,1
DA:33,2
DA:34,4
DA:41,1
DA:43,1
DA:44,1
DA:45,3
DA:48,1
DA:50,2
DA:51,2
DA:52,1
DA:55,1
DA:57,1
DA:58,1
DA:59,1
DA:60,1
DA:61,5
DA:62,1
DA:65,1
DA:66,1
DA:71,1
DA:72,1
DA:73,5
DA:74,5
DA:81,1
DA:82,1
DA:83,6
DA:84,6
DA:91,1
DA:92,1
DA:93,6
DA:94,6
DA:96,1
DA:98,1
DA:101,1
DA:102,1
DA:103,6
DA:104,6
DA:111,1
DA:112,1
DA:113,6
DA:114,6
DA:121,1
DA:122,1
DA:123,6
DA:124,6
DA:131,1
DA:132,1
DA:133,6
DA:134,6
DA:141,1
DA:142,1
DA:143,6
DA:144,6
DA:163,4
DA:165,1
DA:167,1
DA:168,1
DA:169,1
DA:170,1
DA:171,1
DA:172,1
LF:73
LH:73
end_of_record
SF:lib/core/common/utils.dart
DA:7,1
DA:9,1
DA:11,1
DA:12,1
DA:13,1
DA:14,1
DA:15,1
DA:16,0
DA:17,0
DA:22,1
LF:10
LH:8
end_of_record
SF:lib/presentation/view/home.dart
DA:10,1
DA:12,1
DA:14,1
DA:15,2
DA:16,1
DA:17,6
DA:18,1
DA:19,2
DA:21,1
DA:22,3
DA:23,3
DA:24,1
DA:25,3
DA:26,1
DA:28,1
DA:29,1
DA:33,2
DA:34,1
DA:36,2
DA:37,1
DA:38,1
DA:39,1
DA:40,2
DA:44,1
DA:45,1
DA:46,2
LF:26
LH:26
end_of_record
